Анализ проекта на соответствие требованиям:

1.  **Комплексное управление усыновлениями:**
    *   Просмотр истории усыновлений: Не реализовано.
    *   Изменение существующих усыновлений: Не реализовано.
    *   Удаление зарегистрированных усыновлений: Не реализовано.

2.  **Сохранение данных в реляционной базе данных:**
    *   База данных H2 или MySQL: Соответствует (используется H2).
    *   Минимальные сущности (Сотрудник, Усыновитель, Питомец, Усыновление): Соответствует.
    *   Шаблон DAO: Соответствует (используется Spring Data JPA).
    *   Немедленное отражение изменений в базе данных: Существующая функция создания работает, но это не может быть полностью проверено без операций изменения и удаления.

3.  **Опционально: Графический интерфейс:**
    *   Пользовательский интерфейс на Java Swing: Реализован.
    *   Визуальные операции: Доступно только создание усыновления.

4.  **Технические требования:**
    *   Проект Maven: Соответствует.
    *   Шаблон MVC: Соответствует.
    *   Шаблон Singleton для управления сессиями: Соответствует.
    *   Принципы объектно-ориентированного программирования: Соответствует.

**Выявленные недостатки:**

*   **Неполный `ServicioAdopciones`:** Не использует DAO для сохранения и не содержит методов обновления/удаления.
*   **Отсутствие функциональности в пользовательском интерфейсе:** Пользовательский интерфейс не поддерживает просмотр, изменение или удаление усыновлений.
*   **Неполный `README.md`:** Отсутствуют скриншоты пользовательского интерфейса.